Screen is at 335x446+21+194
Estimated scale is 0.8159111504545903
Ports are at None None 100x135+251+397 100x135+251+504
0.0	0.4339292347431183
2.009119496855346	0.47750377655029297
4.018238993710692	0.43719667196273804
6.027358490566037	0.4326671063899994
8.036477987421383	0.40917813777923584
10.04559748427673	0.4508974552154541
12.054716981132074	0.42565444111824036
14.06383647798742	0.40502414107322693
16.072955974842767	0.41892412304878235
18.08207547169811	0.3973279893398285
20.09119496855346	0.47231605648994446
22.100314465408804	0.4429946839809418
24.10943396226415	0.42580121755599976
26.118553459119497	0.44636574387550354
28.12767295597484	0.45866671204566956
30.13679245283019	0.4395216107368469
32.145911949685534	0.44517701864242554
34.15503144654088	0.4119113087654114
36.16415094339622	0.39149007201194763
38.17327044025157	0.40794873237609863
40.18238993710692	0.39956825971603394
42.19150943396226	0.42580121755599976
44.20062893081761	0.41892412304878235
46.209748427672956	0.44077855348587036
48.2188679245283	0.449846088886261
50.227987421383645	0.4242943227291107
52.23710691823899	0.4106374979019165
54.24622641509434	0.4133400321006775
56.25534591194968	0.4022890031337738
58.26446540880503	0.42745253443717957
60.27358490566038	0.3851989507675171
62.28270440251572	0.42153382301330566
64.29182389937107	0.38617244362831116
66.30094339622642	0.4146591126918793
68.31006289308176	0.4303283095359802
70.31918238993711	0.42021119594573975
72.32830188679245	0.4303283095359802
74.3374213836478	0.4407784640789032
76.34654088050314	0.3835333585739136
78.35566037735849	0.4724695086479187
80.36477987421384	0.44636568427085876
82.37389937106919	0.3983866274356842
84.38301886792452	0.4297848045825958
86.39213836477987	0.4068452715873718
88.40125786163522	0.408469557762146
90.41037735849056	0.4326671063899994
92.41949685534591	0.4339292347431183
94.42861635220126	0.4577307403087616
96.4377358490566	0.3869127929210663
98.44685534591194	0.43663477897644043
100.45597484276729	0.44619670510292053
102.46509433962264	0.4380078911781311
104.47421383647799	0.3830442726612091
106.48333333333333	0.3825995624065399
108.49245283018868	0.40261179208755493
110.50157232704402	0.41053855419158936
112.51069182389936	0.40502414107322693
114.51981132075471	0.41191136837005615
116.52893081761006	0.4646383225917816
118.53805031446541	0.490421324968338
120.54716981132076	0.4423414468765259
122.55628930817609	0.3968616724014282
124.56540880503144	0.39149007201194763
126.57452830188679	0.4077739119529724
128.58364779874213	0.4283980131149292
130.59276729559747	0.3792625367641449
132.60188679245283	0.408469557762146
134.61100628930816	0.3854505121707916
136.62012578616353	0.18755824863910675
138.62924528301886	0.24749350547790527
140.63836477987422	0.22316572070121765
142.64748427672956	0.2233588546514511
144.6566037735849	0.2233588993549347
146.66572327044025	0.5934288501739502
148.6748427672956	0.602631151676178
150.68396226415095	0.5649422407150269
152.69308176100628	0.5680063366889954
154.70220125786162	0.5960122346878052
156.71132075471698	0.6100439429283142
158.7204402515723	0.6214252710342407
160.72955974842768	0.5426706671714783
162.738679245283	0.41063734889030457
164.74779874213837	0.42299267649650574
166.7569182389937	0.4924834966659546
168.76603773584904	0.47933486104011536
170.7751572327044	0.5786901712417603
172.78427672955974	0.5696539282798767
174.7933962264151	0.631711483001709
176.80251572327043	0.5829960703849792
178.8116352201258	0.5295124650001526
180.82075471698113	0.46690911054611206
182.82987421383646	0.5582398176193237
184.83899371069182	0.5813772678375244
186.84811320754716	0.42459341883659363
188.85723270440252	0.5813772082328796
190.86635220125785	0.5652954578399658
192.8754716981132	0.5085804462432861
194.88459119496855	0.5801990032196045
196.89371069182388	0.5612903833389282
198.90283018867925	0.5187256932258606
200.91194968553458	0.5960122346878052
202.92106918238994	0.6066672205924988
204.93018867924528	0.5367254018783569
206.9393081761006	0.5056905746459961
208.94842767295597	0.535936176776886
210.9575471698113	0.4986221492290497
212.96666666666667	0.5950263738632202
214.975786163522	0.597522497177124
216.98490566037736	0.5775426626205444
218.9940251572327	0.45480263233184814
221.00314465408803	0.44886258244514465
223.0122641509434	0.4383273422718048
225.02138364779873	0.5582396984100342
227.0305031446541	0.5893739461898804
229.03962264150942	0.5299604535102844
231.0487421383648	0.5867801308631897
233.05786163522012	0.5640467405319214
235.06698113207545	0.5907440185546875
237.07610062893082	0.6000577807426453
239.08522012578615	0.6026313304901123
241.0943396226415	0.5461884140968323
243.10345911949685	0.5649422407150269
245.11257861635218	0.4572620391845703
247.12169811320754	0.4035297930240631
249.13081761006288	0.4924834966659546
251.13993710691824	0.5362704396247864
253.14905660377357	0.48567450046539307
255.15817610062894	0.44730496406555176
257.16729559748427	0.4641703963279724
259.17641509433963	0.5569115877151489
261.18553459119494	0.5552971363067627
263.1946540880503	0.37189438939094543
265.20377358490566	0.47617366909980774
267.212893081761	0.550793468952179
269.22201257861633	0.5893738865852356
271.2311320754717	0.5880333185195923
273.24025157232705	0.5827160477638245
275.24937106918236	0.5629545450210571
277.2584905660377	0.201077401638031
279.2676100628931	0.2254677414894104
281.27672955974845	0.24944010376930237
283.28584905660375	0.2322825938463211
285.2949685534591	0.2630331516265869
287.3040880503145	0.4119113087654114
289.3132075471698	0.4215336740016937
291.32232704402514	0.4175105094909668
293.3314465408805	0.44694089889526367
295.34056603773587	0.40364396572113037
297.3496855345912	0.4297846555709839
299.35880503144654	0.36806872487068176
301.3679245283019	0.36013856530189514
303.3770440251572	0.39260390400886536
305.38616352201257	0.4625767767429352
307.39528301886793	0.40421217679977417
309.40440251572323	0.40922248363494873
311.4135220125786	0.416553258895874
313.42264150943396	0.3981259763240814
315.4317610062893	0.4229925870895386
317.4408805031446	0.431156188249588
319.45	0.5735264420509338
321.45911949685535	0.4814107418060303
323.46823899371066	0.4606131315231323
325.477358490566	0.439058393239975
327.4864779874214	0.46314486861228943
329.49559748427674	0.45601361989974976
331.50471698113205	0.4520157277584076
333.5138364779874	0.48888155817985535
335.5229559748428	0.4052736163139343
337.5320754716981	0.4022890031337738
339.54119496855344	0.44496700167655945
341.5503144654088	0.4270697236061096
343.55943396226417	0.4292542040348053
345.56855345911947	0.4258013069629669
347.57767295597483	0.4282453954219818
349.5867924528302	0.4215336740016937
351.5959119496855	0.43432313203811646
353.60503144654086	0.4163626432418823
355.6141509433962	0.4354892671108246
357.6232704402516	0.40502408146858215
359.6323899371069	0.44517701864242554
361.64150943396226	0.3963885009288788
363.6506289308176	0.36112868785858154
365.6597484276729	0.41331830620765686
367.6688679245283	0.4036438763141632
369.67798742138365	0.40922248363494873
371.687106918239	0.41742178797721863
373.6962264150943	0.449846088886261
375.7053459119497	0.40917807817459106
377.71446540880504	0.43663468956947327
379.72358490566035	0.40917813777923584
381.7327044025157	0.39956825971603394
383.74182389937107	0.3819163739681244
385.7509433962264	0.47488275170326233
387.76006289308174	0.4174218475818634
389.7691823899371	0.44209685921669006
391.77830188679246	0.43800783157348633
393.78742138364777	0.44077855348587036
395.79654088050313	0.4298607110977173
397.8056603773585	0.5896400809288025
399.8147798742138	0.4625422954559326
401.82389937106916	0.5735264420509338
403.8330188679245	0.19332124292850494
405.8421383647799	0.19451583921909332
407.8512578616352	0.23235158622264862
409.86037735849055	0.25035643577575684
411.8694968553459	0.2503564953804016
413.8786163522012	0.24445852637290955
415.8877358490566	0.5367254018783569
417.89685534591194	0.6016556620597839
419.9059748427673	0.6118338704109192
421.9150943396226	0.602631151676178
423.924213836478	0.6082647442817688
425.93333333333334	0.5813772678375244
427.94245283018864	0.5515187382698059
429.951572327044	0.42565444111824036
431.96069182389937	0.5907438397407532
433.96981132075473	0.5389603972434998
435.97893081761003	0.4951120913028717
437.9880503144654	0.5342601537704468
439.99716981132076	0.4459197223186493
442.00628930817606	0.6274348497390747
444.0154088050314	0.5786901712417603
446.0245283018868	0.6066672205924988
448.03364779874215	0.617322564125061
450.04276729559746	0.4488625228404999
452.0518867924528	0.6041415929794312
454.0610062893082	0.5896398425102234
456.0701257861635	0.5403769612312317
458.07924528301885	0.5485638976097107
460.0883647798742	0.5658157467842102
462.0974842767296	0.4068452715873718
464.1066037735849	0.5829960703849792
466.11572327044024	0.4949696660041809
468.1248427672956	0.5051566362380981
470.1339622641509	0.5760377645492554
472.1430817610063	0.5591089129447937
474.15220125786163	0.5946701765060425
476.16132075471694	0.6238851547241211
478.1704402515723	0.6041415929794312
480.17955974842766	0.6066673994064331
482.188679245283	0.627977728843689
484.19779874213833	0.6339726448059082
486.2069182389937	0.7238739728927612
488.21603773584906	0.5120218992233276
490.22515723270436	0.5867801308631897
492.2342767295597	0.6026313304901123
494.2433962264151	0.5017834901809692
496.25251572327045	0.6107415556907654
498.26163522012575	0.5305338501930237
500.2707547169811	0.5840984582901001
502.2798742138365	0.5893739461898804
504.2889937106918	0.4578004777431488
506.29811320754715	0.44299474358558655
508.3072327044025	0.5840982794761658
510.31635220125787	0.4783792793750763
512.3254716981132	0.46847108006477356
514.3345911949685	0.5259498953819275
516.3437106918238	0.5187912583351135
518.3528301886793	0.5569115877151489
520.3619496855346	0.5813772678375244
522.3710691823899	0.5324406623840332
524.3801886792453	0.6238850951194763
526.3893081761006	0.4676520824432373
528.3984276729559	0.5002893209457397
530.4075471698113	0.6190072894096375
532.4166666666666	0.48567456007003784
534.425786163522	0.617322564125061
536.4349056603774	0.3957231342792511
538.4440251572327	0.5187637805938721
540.4531446540881	0.39307260513305664
542.4622641509434	0.44356441497802734
544.4713836477987	0.5774340033531189
546.4805031446541	0.42459335923194885
548.4896226415094	0.5394594073295593
550.4987421383647	0.6041417717933655
552.5078616352201	0.44694089889526367
554.5169811320754	0.4547981321811676
556.5261006289307	0.5582398176193237
558.5352201257862	0.5973713994026184
560.5443396226415	0.45629045367240906
562.5534591194969	0.5398564338684082
564.5625786163522	0.4861508905887604
566.5716981132075	0.6058291792869568
568.5808176100629	0.5471174120903015
570.5899371069182	0.42862576246261597
572.5990566037735	0.5164161920547485
574.608176100629	0.4339293837547302
576.6172955974843	0.40949156880378723
578.6264150943396	0.5867801308631897
580.635534591195	0.5259498357772827
582.6446540880503	0.342069536447525
584.6537735849056	0.2063513994216919
586.662893081761	0.24575720727443695
[h264 @ 0x55eb9a5c1140] mmco: unref short failure
588.6720125786163	0.24262206256389618
[h264 @ 0x55eb9a5c1140] mmco: unref short failure
590.6811320754717	0.2414941042661667
592.690251572327	0.2412956804037094
594.6993710691823	0.28726163506507874
596.7084905660378	0.26751530170440674
598.7176100628931	0.2412956804037094
600.7267295597484	0.23576588928699493
602.7358490566038	0.2591254711151123
604.7449685534591	0.25622618198394775
606.7540880503144	0.24438555538654327
608.7632075471698	0.2720440626144409
610.7723270440251	0.24438555538654327
612.7814465408804	0.23121944069862366
614.7905660377359	0.23121944069862366
616.7996855345912	0.23697516322135925
618.8088050314465	0.2579003870487213
620.8179245283019	0.2488740086555481
622.8270440251572	0.2496788203716278
624.8361635220126	0.25469523668289185
626.8452830188679	0.2589965760707855
628.8544025157232	0.2481386661529541
630.8635220125786	0.2727355659008026
632.872641509434	0.25147929787635803
634.8817610062893	0.25406643748283386
636.8908805031447	0.26979097723960876
QApplication: invalid style override passed, ignoring it.
QApplication: invalid style override passed, ignoring it.
18 3 1
Traceback (most recent call last):
  File "train.py", line 10, in <module>
    __main__()
  File "train.py", line 6, in __main__
    tr.train()
  File "/home/sverona/src/meleedb-segment/trainer.py", line 73, in train
    char, stock, pctval = self.get_portstate(port_img)
  File "/home/sverona/src/meleedb-segment/trainer.py", line 81, in get_portstate
    return (trainWindow.char, trainWindow.stock, trainWindow.pctval)
AttributeError: 'TrainerDialog' object has no attribute 'char'
